Arguments: 
  C:\Program Files\nodejs\node.exe C:\Users\SAMO\AppData\Roaming\npm\node_modules\yarn\bin\yarn.js add -D @ts-node

PATH: 
  C:\Users\SAMO\bin;C:\Program Files\Git\mingw64\bin;C:\Program Files\Git\usr\local\bin;C:\Program Files\Git\usr\bin;C:\Program Files\Git\usr\bin;C:\Program Files\Git\mingw64\bin;C:\Program Files\Git\usr\bin;C:\Users\SAMO\bin;C:\Program Files\Common Files\Oracle\Java\javapath;C:\Windows\system32;C:\Windows;C:\Windows\System32\Wbem;C:\Windows\System32\WindowsPowerShell\v1.0;C:\Windows\System32\OpenSSH;C:\Program Files\Git\cmd;C:\Program Files\kotlinc\bin;C:\Program Files\Java\jdk-15.0.2\bin;C:\Program Files\Docker\Docker\resources\bin;C:\ProgramData\DockerDesktop\version-bin;C:\ProgramData\ComposerSetup\bin;C:\Program Files\nodejs;C:\Users\SAMO\AppData\Local\Programs\Python\Python39\Scripts;C:\Users\SAMO\AppData\Local\Programs\Python\Python39;C:\Users\SAMO\AppData\Local\Microsoft\WindowsApps;C:\Users\SAMO\AppData\Local\Programs\Microsoft VS Code\bin;C:\Users\SAMO\AppData\Local\Programs\Python\Python39\Scripts;C:\xampp\php;C:\src\flutter\bin;C:\Program Files\JetBrains\IntelliJ IDEA Community Edition 2020.3.2\bin;C:\Users\SAMO\AppData\Roaming\Composer\vendor\bin;C:\Users\SAMO\AppData\Roaming\npm;C:\Program Files\nodejs;C:\xampp\mysql\bin;C:\Program Files\heroku\bin;C:\Program Files\Git\usr\bin\vendor_perl;C:\Program Files\Git\usr\bin\core_perl

Yarn version: 
  1.22.10

Node version: 
  14.16.1

Platform: 
  win32 x64

Trace: 
  Error: https://registry.yarnpkg.com/@ts-node: Request "https://registry.yarnpkg.com/@ts-node" returned a 405
      at Request.params.callback [as _callback] (C:\Users\SAMO\AppData\Roaming\npm\node_modules\yarn\lib\cli.js:66997:18)
      at Request.self.callback (C:\Users\SAMO\AppData\Roaming\npm\node_modules\yarn\lib\cli.js:140662:22)
      at Request.emit (events.js:315:20)
      at Request.<anonymous> (C:\Users\SAMO\AppData\Roaming\npm\node_modules\yarn\lib\cli.js:141634:10)
      at Request.emit (events.js:315:20)
      at IncomingMessage.<anonymous> (C:\Users\SAMO\AppData\Roaming\npm\node_modules\yarn\lib\cli.js:141556:12)
      at Object.onceWrapper (events.js:421:28)
      at IncomingMessage.emit (events.js:327:22)
      at endReadableNT (internal/streams/readable.js:1327:12)
      at processTicksAndRejections (internal/process/task_queues.js:80:21)

npm manifest: 
  {
    "name": "fullstack-reactgql",
    "version": "1.0.0",
    "description": "",
    "main": "index.js",
    "scripts": {
      "watch": "tsc -w",
      "start": "ts-node src/index.ts"
    },
    "repository": {
      "type": "git",
      "url": "git+https://github.com/Richardmwilson191/react-ts-gql.git"
    },
    "keywords": [],
    "author": "",
    "license": "ISC",
    "bugs": {
      "url": "https://github.com/Richardmwilson191/react-ts-gql/issues"
    },
    "homepage": "https://github.com/Richardmwilson191/react-ts-gql#readme",
    "devDependencies": {
      "@types/node": "^16.4.2",
      "typescript": "^4.3.5"
    }
  }

yarn manifest: 
  No manifest

Lockfile: 
  # THIS IS AN AUTOGENERATED FILE. DO NOT EDIT THIS FILE DIRECTLY.
  # yarn lockfile v1
  
  
  "@types/node@^16.4.2":
    version "16.4.2"
    resolved "https://registry.yarnpkg.com/@types/node/-/node-16.4.2.tgz#0a95d7fd950cb1eaca0ce11031d72e8f680b775a"
    integrity sha512-vxyhOzFCm+jC/T5KugbVsYy1DbQM0h3NCFUrVbu0+pYa/nr+heeucpqxpa8j4pUmIGLPYzboY9zIdOF0niFAjQ==
  
  typescript@^4.3.5:
    version "4.3.5"
    resolved "https://registry.yarnpkg.com/typescript/-/typescript-4.3.5.tgz#4d1c37cc16e893973c45a06886b7113234f119f4"
    integrity sha512-DqQgihaQ9cUrskJo9kIyW/+g0Vxsk8cDtZ52a3NGh0YNTfpUSArXSohyUGnvbPazEPLu398C0UxmKSOrPumUzA==
